[0.007s] Invoking command in '/home/deepanshu/dev_ws/build/gg_bot': CMAKE_PREFIX_PATH=/opt/ros/humble /usr/bin/cmake /home/deepanshu/dev_ws/src/gg_bot -DAMENT_CMAKE_SYMLINK_INSTALL=1 -DCMAKE_INSTALL_PREFIX=/home/deepanshu/dev_ws/install/gg_bot
[0.047s] -- The C compiler identification is GNU 11.4.0
[0.080s] -- The CXX compiler identification is GNU 11.4.0
[0.085s] -- Detecting C compiler ABI info
[0.130s] -- Detecting C compiler ABI info - done
[0.136s] -- Check for working C compiler: /usr/bin/cc - skipped
[0.136s] -- Detecting C compile features
[0.136s] -- Detecting C compile features - done
[0.138s] -- Detecting CXX compiler ABI info
[0.191s] -- Detecting CXX compiler ABI info - done
[0.198s] -- Check for working CXX compiler: /usr/bin/c++ - skipped
[0.198s] -- Detecting CXX compile features
[0.199s] -- Detecting CXX compile features - done
[0.200s] -- Found ament_cmake: 1.3.13 (/opt/ros/humble/share/ament_cmake/cmake)
[0.299s] -- Found Python3: /usr/bin/python3 (found version "3.10.12") found components: Interpreter 
[0.335s] -- Override CMake install command with custom implementation using symlinks instead of copying resources
[0.346s] -- Found ament_lint_auto: 0.12.15 (/opt/ros/humble/share/ament_lint_auto/cmake)
[0.394s] -- Added test 'copyright' to check source files copyright and LICENSE
[0.396s] -- Added test 'flake8' to check Python code syntax and style conventions
[0.397s] -- Added test 'lint_cmake' to check CMake code style
[0.397s] -- Added test 'pep257' to check Python code against some of the docstring style conventions in PEP 257
[0.398s] -- Added test 'xmllint' to check XML markup files
[0.399s] -- Configuring done
[0.400s] -- Generating done
[0.401s] -- Build files have been written to: /home/deepanshu/dev_ws/build/gg_bot
[0.403s] Invoked command in '/home/deepanshu/dev_ws/build/gg_bot' returned '0': CMAKE_PREFIX_PATH=/opt/ros/humble /usr/bin/cmake /home/deepanshu/dev_ws/src/gg_bot -DAMENT_CMAKE_SYMLINK_INSTALL=1 -DCMAKE_INSTALL_PREFIX=/home/deepanshu/dev_ws/install/gg_bot
[0.405s] Invoking command in '/home/deepanshu/dev_ws/build/gg_bot': CMAKE_PREFIX_PATH=/opt/ros/humble /usr/bin/cmake --build /home/deepanshu/dev_ws/build/gg_bot -- -j16 -l16
[0.430s] Invoked command in '/home/deepanshu/dev_ws/build/gg_bot' returned '0': CMAKE_PREFIX_PATH=/opt/ros/humble /usr/bin/cmake --build /home/deepanshu/dev_ws/build/gg_bot -- -j16 -l16
[0.437s] Invoking command in '/home/deepanshu/dev_ws/build/gg_bot': CMAKE_PREFIX_PATH=/opt/ros/humble /usr/bin/cmake --install /home/deepanshu/dev_ws/build/gg_bot
[0.443s] -- Install configuration: ""
[0.443s] -- Execute custom install script
[0.444s] -- Symlinking: /home/deepanshu/dev_ws/install/gg_bot/share/gg_bot/config/empty.yaml
[0.449s] -- Symlinking: /home/deepanshu/dev_ws/install/gg_bot/share/gg_bot/description/robot.urdf.xacro
[0.455s] -- Symlinking: /home/deepanshu/dev_ws/install/gg_bot/share/gg_bot/description/robot_core.xacro
[0.461s] -- Symlinking: /home/deepanshu/dev_ws/install/gg_bot/share/gg_bot/launch/rsp.launch.py
[0.466s] -- Symlinking: /home/deepanshu/dev_ws/install/gg_bot/share/gg_bot/worlds/empty.world
[0.471s] -- Symlinking: /home/deepanshu/dev_ws/install/gg_bot/share/ament_index/resource_index/package_run_dependencies/gg_bot
[0.476s] -- Symlinking: /home/deepanshu/dev_ws/install/gg_bot/share/ament_index/resource_index/parent_prefix_path/gg_bot
[0.481s] -- Symlinking: /home/deepanshu/dev_ws/install/gg_bot/share/gg_bot/environment/ament_prefix_path.sh
[0.485s] -- Symlinking: /home/deepanshu/dev_ws/install/gg_bot/share/gg_bot/environment/ament_prefix_path.dsv
[0.490s] -- Symlinking: /home/deepanshu/dev_ws/install/gg_bot/share/gg_bot/environment/path.sh
[0.497s] -- Symlinking: /home/deepanshu/dev_ws/install/gg_bot/share/gg_bot/environment/path.dsv
[0.503s] -- Symlinking: /home/deepanshu/dev_ws/install/gg_bot/share/gg_bot/local_setup.bash
[0.509s] -- Symlinking: /home/deepanshu/dev_ws/install/gg_bot/share/gg_bot/local_setup.sh
[0.514s] -- Symlinking: /home/deepanshu/dev_ws/install/gg_bot/share/gg_bot/local_setup.zsh
[0.519s] -- Symlinking: /home/deepanshu/dev_ws/install/gg_bot/share/gg_bot/local_setup.dsv
[0.526s] -- Symlinking: /home/deepanshu/dev_ws/install/gg_bot/share/gg_bot/package.dsv
[0.531s] -- Symlinking: /home/deepanshu/dev_ws/install/gg_bot/share/ament_index/resource_index/packages/gg_bot
[0.537s] -- Symlinking: /home/deepanshu/dev_ws/install/gg_bot/share/gg_bot/cmake/gg_botConfig.cmake
[0.543s] -- Symlinking: /home/deepanshu/dev_ws/install/gg_bot/share/gg_bot/cmake/gg_botConfig-version.cmake
[0.548s] -- Symlinking: /home/deepanshu/dev_ws/install/gg_bot/share/gg_bot/package.xml
[0.554s] Invoked command in '/home/deepanshu/dev_ws/build/gg_bot' returned '0': CMAKE_PREFIX_PATH=/opt/ros/humble /usr/bin/cmake --install /home/deepanshu/dev_ws/build/gg_bot
