[0.006s] Invoking command in '/home/deepanshu/dev_ws/build/gg_bot': CMAKE_PREFIX_PATH=/opt/ros/humble /usr/bin/cmake /home/deepanshu/dev_ws/src/gg_bot -DAMENT_CMAKE_SYMLINK_INSTALL=1 -DCMAKE_INSTALL_PREFIX=/home/deepanshu/dev_ws/install/gg_bot
[0.103s] -- The C compiler identification is GNU 11.4.0
[0.190s] -- The CXX compiler identification is GNU 11.4.0
[0.198s] -- Detecting C compiler ABI info
[0.249s] -- Detecting C compiler ABI info - done
[0.254s] -- Check for working C compiler: /usr/bin/cc - skipped
[0.255s] -- Detecting C compile features
[0.255s] -- Detecting C compile features - done
[0.258s] -- Detecting CXX compiler ABI info
[0.314s] -- Detecting CXX compiler ABI info - done
[0.319s] -- Check for working CXX compiler: /usr/bin/c++ - skipped
[0.319s] -- Detecting CXX compile features
[0.320s] -- Detecting CXX compile features - done
[0.324s] -- Found ament_cmake: 1.3.13 (/opt/ros/humble/share/ament_cmake/cmake)
[0.421s] -- Found Python3: /usr/bin/python3 (found version "3.10.12") found components: Interpreter 
[0.465s] -- Override CMake install command with custom implementation using symlinks instead of copying resources
[0.485s] -- Found ament_lint_auto: 0.12.15 (/opt/ros/humble/share/ament_lint_auto/cmake)
[0.535s] -- Added test 'copyright' to check source files copyright and LICENSE
[0.536s] -- Added test 'flake8' to check Python code syntax and style conventions
[0.536s] -- Added test 'lint_cmake' to check CMake code style
[0.537s] -- Added test 'pep257' to check Python code against some of the docstring style conventions in PEP 257
[0.537s] -- Added test 'xmllint' to check XML markup files
[0.538s] -- Configuring done
[0.540s] -- Generating done
[0.540s] -- Build files have been written to: /home/deepanshu/dev_ws/build/gg_bot
[0.543s] Invoked command in '/home/deepanshu/dev_ws/build/gg_bot' returned '0': CMAKE_PREFIX_PATH=/opt/ros/humble /usr/bin/cmake /home/deepanshu/dev_ws/src/gg_bot -DAMENT_CMAKE_SYMLINK_INSTALL=1 -DCMAKE_INSTALL_PREFIX=/home/deepanshu/dev_ws/install/gg_bot
[0.544s] Invoking command in '/home/deepanshu/dev_ws/build/gg_bot': CMAKE_PREFIX_PATH=/opt/ros/humble /usr/bin/cmake --build /home/deepanshu/dev_ws/build/gg_bot -- -j16 -l16
[0.571s] Invoked command in '/home/deepanshu/dev_ws/build/gg_bot' returned '0': CMAKE_PREFIX_PATH=/opt/ros/humble /usr/bin/cmake --build /home/deepanshu/dev_ws/build/gg_bot -- -j16 -l16
[0.577s] Invoking command in '/home/deepanshu/dev_ws/build/gg_bot': CMAKE_PREFIX_PATH=/opt/ros/humble /usr/bin/cmake --install /home/deepanshu/dev_ws/build/gg_bot
[0.583s] -- Install configuration: ""
[0.583s] -- Execute custom install script
[0.583s] -- Symlinking: /home/deepanshu/dev_ws/install/gg_bot/share/gg_bot/config/drive_bot.rviz
[0.589s] -- Symlinking: /home/deepanshu/dev_ws/install/gg_bot/share/gg_bot/config/empty.yaml
[0.593s] -- Symlinking: /home/deepanshu/dev_ws/install/gg_bot/share/gg_bot/config/view_bot.rviz
[0.599s] -- Symlinking: /home/deepanshu/dev_ws/install/gg_bot/share/gg_bot/description/gazebo_control.xacro
[0.605s] -- Symlinking: /home/deepanshu/dev_ws/install/gg_bot/share/gg_bot/description/inertial_macros.xacro
[0.609s] -- Symlinking: /home/deepanshu/dev_ws/install/gg_bot/share/gg_bot/description/lidar.xacro
[0.616s] -- Symlinking: /home/deepanshu/dev_ws/install/gg_bot/share/gg_bot/description/robot.urdf.xacro
[0.622s] -- Symlinking: /home/deepanshu/dev_ws/install/gg_bot/share/gg_bot/description/robot_core.xacro
[0.628s] -- Symlinking: /home/deepanshu/dev_ws/install/gg_bot/share/gg_bot/launch/launch_sim.launch.py
[0.635s] -- Symlinking: /home/deepanshu/dev_ws/install/gg_bot/share/gg_bot/launch/rplidar.launch.py
[0.640s] -- Symlinking: /home/deepanshu/dev_ws/install/gg_bot/share/gg_bot/launch/rsp.launch.py
[0.645s] -- Symlinking: /home/deepanshu/dev_ws/install/gg_bot/share/gg_bot/worlds/empty.world
[0.651s] -- Symlinking: /home/deepanshu/dev_ws/install/gg_bot/share/gg_bot/worlds/obstacles.world
[0.658s] -- Symlinking: /home/deepanshu/dev_ws/install/gg_bot/share/ament_index/resource_index/package_run_dependencies/gg_bot
[0.662s] -- Symlinking: /home/deepanshu/dev_ws/install/gg_bot/share/ament_index/resource_index/parent_prefix_path/gg_bot
[0.669s] -- Symlinking: /home/deepanshu/dev_ws/install/gg_bot/share/gg_bot/environment/ament_prefix_path.sh
[0.674s] -- Symlinking: /home/deepanshu/dev_ws/install/gg_bot/share/gg_bot/environment/ament_prefix_path.dsv
[0.679s] -- Symlinking: /home/deepanshu/dev_ws/install/gg_bot/share/gg_bot/environment/path.sh
[0.684s] -- Symlinking: /home/deepanshu/dev_ws/install/gg_bot/share/gg_bot/environment/path.dsv
[0.688s] -- Symlinking: /home/deepanshu/dev_ws/install/gg_bot/share/gg_bot/local_setup.bash
[0.694s] -- Symlinking: /home/deepanshu/dev_ws/install/gg_bot/share/gg_bot/local_setup.sh
[0.700s] -- Symlinking: /home/deepanshu/dev_ws/install/gg_bot/share/gg_bot/local_setup.zsh
[0.705s] -- Symlinking: /home/deepanshu/dev_ws/install/gg_bot/share/gg_bot/local_setup.dsv
[0.709s] -- Symlinking: /home/deepanshu/dev_ws/install/gg_bot/share/gg_bot/package.dsv
[0.717s] -- Symlinking: /home/deepanshu/dev_ws/install/gg_bot/share/ament_index/resource_index/packages/gg_bot
[0.722s] -- Symlinking: /home/deepanshu/dev_ws/install/gg_bot/share/gg_bot/cmake/gg_botConfig.cmake
[0.728s] -- Symlinking: /home/deepanshu/dev_ws/install/gg_bot/share/gg_bot/cmake/gg_botConfig-version.cmake
[0.733s] -- Symlinking: /home/deepanshu/dev_ws/install/gg_bot/share/gg_bot/package.xml
[0.739s] Invoked command in '/home/deepanshu/dev_ws/build/gg_bot' returned '0': CMAKE_PREFIX_PATH=/opt/ros/humble /usr/bin/cmake --install /home/deepanshu/dev_ws/build/gg_bot
