[0.006s] Invoking command in '/home/deepanshu/dev_ws/build/gg_bot': CMAKE_PREFIX_PATH=/opt/ros/humble /usr/bin/cmake --build /home/deepanshu/dev_ws/build/gg_bot -- -j16 -l16
[0.032s] Invoked command in '/home/deepanshu/dev_ws/build/gg_bot' returned '0': CMAKE_PREFIX_PATH=/opt/ros/humble /usr/bin/cmake --build /home/deepanshu/dev_ws/build/gg_bot -- -j16 -l16
[0.041s] Invoking command in '/home/deepanshu/dev_ws/build/gg_bot': CMAKE_PREFIX_PATH=/opt/ros/humble /usr/bin/cmake --install /home/deepanshu/dev_ws/build/gg_bot
[0.045s] -- Install configuration: ""
[0.046s] -- Execute custom install script
[0.046s] -- Up-to-date symlink: /home/deepanshu/dev_ws/install/gg_bot/share/gg_bot/config/drive_bot.rviz
[0.046s] -- Up-to-date symlink: /home/deepanshu/dev_ws/install/gg_bot/share/gg_bot/config/empty.yaml
[0.046s] -- Up-to-date symlink: /home/deepanshu/dev_ws/install/gg_bot/share/gg_bot/config/view_bot.rviz
[0.046s] -- Symlinking: /home/deepanshu/dev_ws/install/gg_bot/share/gg_bot/description/camera.xacro
[0.051s] -- Up-to-date symlink: /home/deepanshu/dev_ws/install/gg_bot/share/gg_bot/description/gazebo_control.xacro
[0.051s] -- Up-to-date symlink: /home/deepanshu/dev_ws/install/gg_bot/share/gg_bot/description/inertial_macros.xacro
[0.051s] -- Up-to-date symlink: /home/deepanshu/dev_ws/install/gg_bot/share/gg_bot/description/lidar.xacro
[0.051s] -- Up-to-date symlink: /home/deepanshu/dev_ws/install/gg_bot/share/gg_bot/description/robot.urdf.xacro
[0.051s] -- Up-to-date symlink: /home/deepanshu/dev_ws/install/gg_bot/share/gg_bot/description/robot_core.xacro
[0.051s] -- Symlinking: /home/deepanshu/dev_ws/install/gg_bot/share/gg_bot/launch/camera_launch.py
[0.058s] -- Up-to-date symlink: /home/deepanshu/dev_ws/install/gg_bot/share/gg_bot/launch/launch_sim.launch.py
[0.058s] -- Up-to-date symlink: /home/deepanshu/dev_ws/install/gg_bot/share/gg_bot/launch/rplidar.launch.py
[0.058s] -- Up-to-date symlink: /home/deepanshu/dev_ws/install/gg_bot/share/gg_bot/launch/rsp.launch.py
[0.058s] -- Up-to-date symlink: /home/deepanshu/dev_ws/install/gg_bot/share/gg_bot/worlds/empty.world
[0.058s] -- Up-to-date symlink: /home/deepanshu/dev_ws/install/gg_bot/share/gg_bot/worlds/obstacles.world
[0.058s] -- Up-to-date symlink: /home/deepanshu/dev_ws/install/gg_bot/share/ament_index/resource_index/package_run_dependencies/gg_bot
[0.058s] -- Up-to-date symlink: /home/deepanshu/dev_ws/install/gg_bot/share/ament_index/resource_index/parent_prefix_path/gg_bot
[0.058s] -- Up-to-date symlink: /home/deepanshu/dev_ws/install/gg_bot/share/gg_bot/environment/ament_prefix_path.sh
[0.058s] -- Up-to-date symlink: /home/deepanshu/dev_ws/install/gg_bot/share/gg_bot/environment/ament_prefix_path.dsv
[0.058s] -- Up-to-date symlink: /home/deepanshu/dev_ws/install/gg_bot/share/gg_bot/environment/path.sh
[0.058s] -- Up-to-date symlink: /home/deepanshu/dev_ws/install/gg_bot/share/gg_bot/environment/path.dsv
[0.059s] -- Up-to-date symlink: /home/deepanshu/dev_ws/install/gg_bot/share/gg_bot/local_setup.bash
[0.059s] -- Up-to-date symlink: /home/deepanshu/dev_ws/install/gg_bot/share/gg_bot/local_setup.sh
[0.059s] -- Up-to-date symlink: /home/deepanshu/dev_ws/install/gg_bot/share/gg_bot/local_setup.zsh
[0.059s] -- Up-to-date symlink: /home/deepanshu/dev_ws/install/gg_bot/share/gg_bot/local_setup.dsv
[0.059s] -- Symlinking: /home/deepanshu/dev_ws/install/gg_bot/share/gg_bot/package.dsv
[0.064s] -- Up-to-date symlink: /home/deepanshu/dev_ws/install/gg_bot/share/ament_index/resource_index/packages/gg_bot
[0.064s] -- Up-to-date symlink: /home/deepanshu/dev_ws/install/gg_bot/share/gg_bot/cmake/gg_botConfig.cmake
[0.064s] -- Up-to-date symlink: /home/deepanshu/dev_ws/install/gg_bot/share/gg_bot/cmake/gg_botConfig-version.cmake
[0.064s] -- Up-to-date symlink: /home/deepanshu/dev_ws/install/gg_bot/share/gg_bot/package.xml
[0.065s] Invoked command in '/home/deepanshu/dev_ws/build/gg_bot' returned '0': CMAKE_PREFIX_PATH=/opt/ros/humble /usr/bin/cmake --install /home/deepanshu/dev_ws/build/gg_bot
