[0.007s] Invoking command in '/home/deepanshu/dev_ws/build/gg_bot': CMAKE_PREFIX_PATH=/opt/ros/humble /usr/bin/cmake --build /home/deepanshu/dev_ws/build/gg_bot -- -j16 -l16
[0.034s] Invoked command in '/home/deepanshu/dev_ws/build/gg_bot' returned '0': CMAKE_PREFIX_PATH=/opt/ros/humble /usr/bin/cmake --build /home/deepanshu/dev_ws/build/gg_bot -- -j16 -l16
[0.043s] Invoking command in '/home/deepanshu/dev_ws/build/gg_bot': CMAKE_PREFIX_PATH=/opt/ros/humble /usr/bin/cmake --install /home/deepanshu/dev_ws/build/gg_bot
[0.048s] -- Install configuration: ""
[0.048s] -- Execute custom install script
[0.049s] -- Up-to-date symlink: /home/deepanshu/dev_ws/install/gg_bot/share/gg_bot/config/empty.yaml
[0.049s] -- Up-to-date symlink: /home/deepanshu/dev_ws/install/gg_bot/share/gg_bot/config/view_bot.rviz
[0.049s] -- Up-to-date symlink: /home/deepanshu/dev_ws/install/gg_bot/share/gg_bot/description/inertial_macros.xacro
[0.049s] -- Up-to-date symlink: /home/deepanshu/dev_ws/install/gg_bot/share/gg_bot/description/robot.urdf.xacro
[0.049s] -- Up-to-date symlink: /home/deepanshu/dev_ws/install/gg_bot/share/gg_bot/description/robot_core.xacro
[0.049s] -- Symlinking: /home/deepanshu/dev_ws/install/gg_bot/share/gg_bot/launch/launch_sim.launch.py
[0.054s] -- Up-to-date symlink: /home/deepanshu/dev_ws/install/gg_bot/share/gg_bot/launch/rsp.launch.py
[0.054s] -- Up-to-date symlink: /home/deepanshu/dev_ws/install/gg_bot/share/gg_bot/worlds/empty.world
[0.054s] -- Up-to-date symlink: /home/deepanshu/dev_ws/install/gg_bot/share/ament_index/resource_index/package_run_dependencies/gg_bot
[0.054s] -- Up-to-date symlink: /home/deepanshu/dev_ws/install/gg_bot/share/ament_index/resource_index/parent_prefix_path/gg_bot
[0.054s] -- Up-to-date symlink: /home/deepanshu/dev_ws/install/gg_bot/share/gg_bot/environment/ament_prefix_path.sh
[0.054s] -- Up-to-date symlink: /home/deepanshu/dev_ws/install/gg_bot/share/gg_bot/environment/ament_prefix_path.dsv
[0.054s] -- Up-to-date symlink: /home/deepanshu/dev_ws/install/gg_bot/share/gg_bot/environment/path.sh
[0.054s] -- Up-to-date symlink: /home/deepanshu/dev_ws/install/gg_bot/share/gg_bot/environment/path.dsv
[0.054s] -- Up-to-date symlink: /home/deepanshu/dev_ws/install/gg_bot/share/gg_bot/local_setup.bash
[0.054s] -- Up-to-date symlink: /home/deepanshu/dev_ws/install/gg_bot/share/gg_bot/local_setup.sh
[0.054s] -- Up-to-date symlink: /home/deepanshu/dev_ws/install/gg_bot/share/gg_bot/local_setup.zsh
[0.055s] -- Up-to-date symlink: /home/deepanshu/dev_ws/install/gg_bot/share/gg_bot/local_setup.dsv
[0.055s] -- Symlinking: /home/deepanshu/dev_ws/install/gg_bot/share/gg_bot/package.dsv
[0.061s] -- Up-to-date symlink: /home/deepanshu/dev_ws/install/gg_bot/share/ament_index/resource_index/packages/gg_bot
[0.061s] -- Up-to-date symlink: /home/deepanshu/dev_ws/install/gg_bot/share/gg_bot/cmake/gg_botConfig.cmake
[0.061s] -- Up-to-date symlink: /home/deepanshu/dev_ws/install/gg_bot/share/gg_bot/cmake/gg_botConfig-version.cmake
[0.061s] -- Up-to-date symlink: /home/deepanshu/dev_ws/install/gg_bot/share/gg_bot/package.xml
[0.063s] Invoked command in '/home/deepanshu/dev_ws/build/gg_bot' returned '0': CMAKE_PREFIX_PATH=/opt/ros/humble /usr/bin/cmake --install /home/deepanshu/dev_ws/build/gg_bot
